<?xml version="1.0" encoding="UTF-8"?>
<!-- Generated by org.testng.reporters.JUnitReportReporter -->
<testsuite hostname="Stephan-HP" failures="0" tests="1" name="com.herokuapp.theinternet.PositiveTests" time="8.757" errors="0" timestamp="06 Jul 2020 12:39:04 GMT" skipped="0">
  <testcase classname="com.herokuapp.theinternet.PositiveTests" name="loginTest" time="8.757"/>
</testsuite> <!-- com.herokuapp.theinternet.PositiveTests -->
